2024-04-17 14:16:17
Full thread dump OpenJDK 64-Bit Server VM (21.0.2+13-LTS mixed mode, sharing):

Threads class SMR info:
_java_thread_list=0x00007f03e400d820, length=60, elements={
0x00007f0490134f70, 0x00007f04901366e0, 0x00007f04901381c0, 0x00007f0490139800,
0x00007f049013ada0, 0x00007f049013c8e0, 0x00007f049013dfa0, 0x00007f0490154140,
0x00007f04901577f0, 0x00007f0490209510, 0x00007f04919a9b10, 0x00007f04919ac170,
0x00007f0492990380, 0x00007f0388001240, 0x00007f0492992600, 0x00007f049396ce00,
0x00007f04901834b0, 0x00007f0493b85fb0, 0x00007f0493b86d30, 0x00007f0493b87f70,
0x00007f0493b891c0, 0x00007f0493b8a2f0, 0x00007f0493b8bfb0, 0x00007f0493b8ccd0,
0x00007f0493b8dea0, 0x00007f0493b8f110, 0x00007f0493b902a0, 0x00007f0493b92ab0,
0x00007f0493b93f90, 0x00007f0493b9c830, 0x00007f0493e36380, 0x00007f0493e38f70,
0x00007f0348015df0, 0x00007f0490027e50, 0x00007f03c449b420, 0x00007f03c449bfa0,
0x00007f03c4315ce0, 0x00007f03c4253650, 0x00007f03c4254090, 0x00007f03c42552a0,
0x00007f03c42564b0, 0x00007f03c4257420, 0x00007f03c4258790, 0x00007f03c4447690,
0x00007f03c4448d50, 0x00007f03c4449ef0, 0x00007f03c444b210, 0x00007f03c444c920,
0x00007f03c444e040, 0x00007f03c45701f0, 0x00007f0348017f00, 0x00007f03c4338d90,
0x00007f03c42a0d40, 0x00007f034802cb20, 0x00007f034802e560, 0x00007f034802efe0,
0x00007f0348048240, 0x00007f0348049450, 0x00007f030c3e5340, 0x00007f03e400c7d0
}

"Reference Handler" #9 [15] daemon prio=10 os_prio=0 cpu=9.07ms elapsed=287.91s tid=0x00007f0490134f70 nid=15 waiting on condition  [0x00007f0452eee000]
   java.lang.Thread.State: RUNNABLE
	at java.lang.ref.Reference.waitForReferencePendingList(java.base@21.0.2/Native Method)
	at java.lang.ref.Reference.processPendingReferences(java.base@21.0.2/Reference.java:246)
	at java.lang.ref.Reference$ReferenceHandler.run(java.base@21.0.2/Reference.java:208)

   Locked ownable synchronizers:
	- None

"Finalizer" #10 [16] daemon prio=8 os_prio=0 cpu=1.19ms elapsed=287.91s tid=0x00007f04901366e0 nid=16 in Object.wait()  [0x00007f0452ded000]
   java.lang.Thread.State: WAITING (on object monitor)
	at java.lang.Object.wait0(java.base@21.0.2/Native Method)
	- waiting on <0x00000000a43c33e0> (a java.lang.ref.NativeReferenceQueue$Lock)
	at java.lang.Object.wait(java.base@21.0.2/Object.java:366)
	at java.lang.Object.wait(java.base@21.0.2/Object.java:339)
	at java.lang.ref.NativeReferenceQueue.await(java.base@21.0.2/NativeReferenceQueue.java:48)
	at java.lang.ref.ReferenceQueue.remove0(java.base@21.0.2/ReferenceQueue.java:158)
	at java.lang.ref.NativeReferenceQueue.remove(java.base@21.0.2/NativeReferenceQueue.java:89)
	- locked <0x00000000a43c33e0> (a java.lang.ref.NativeReferenceQueue$Lock)
	at java.lang.ref.Finalizer$FinalizerThread.run(java.base@21.0.2/Finalizer.java:173)

   Locked ownable synchronizers:
	- None

"Signal Dispatcher" #11 [17] daemon prio=9 os_prio=0 cpu=0.52ms elapsed=287.91s tid=0x00007f04901381c0 nid=17 waiting on condition  [0x0000000000000000]
   java.lang.Thread.State: RUNNABLE

   Locked ownable synchronizers:
	- None

"Service Thread" #12 [18] daemon prio=9 os_prio=0 cpu=112.77ms elapsed=287.91s tid=0x00007f0490139800 nid=18 runnable  [0x0000000000000000]
   java.lang.Thread.State: RUNNABLE

   Locked ownable synchronizers:
	- None

"Monitor Deflation Thread" #13 [19] daemon prio=9 os_prio=0 cpu=35.88ms elapsed=287.91s tid=0x00007f049013ada0 nid=19 runnable  [0x0000000000000000]
   java.lang.Thread.State: RUNNABLE

   Locked ownable synchronizers:
	- None

"C2 CompilerThread0" #14 [20] daemon prio=9 os_prio=0 cpu=27513.03ms elapsed=287.91s tid=0x00007f049013c8e0 nid=20 waiting on condition  [0x0000000000000000]
   java.lang.Thread.State: RUNNABLE
   No compile task

   Locked ownable synchronizers:
	- None

"C1 CompilerThread0" #17 [21] daemon prio=9 os_prio=0 cpu=6188.32ms elapsed=287.91s tid=0x00007f049013dfa0 nid=21 waiting on condition  [0x0000000000000000]
   java.lang.Thread.State: RUNNABLE
   No compile task

   Locked ownable synchronizers:
	- None

"Notification Thread" #18 [22] daemon prio=9 os_prio=0 cpu=110.80ms elapsed=287.90s tid=0x00007f0490154140 nid=22 runnable  [0x0000000000000000]
   java.lang.Thread.State: RUNNABLE

   Locked ownable synchronizers:
	- None

"Common-Cleaner" #19 [23] daemon prio=8 os_prio=0 cpu=6.00ms elapsed=287.90s tid=0x00007f04901577f0 nid=23 waiting on condition  [0x00007f0452615000]
   java.lang.Thread.State: TIMED_WAITING (parking)
	at jdk.internal.misc.Unsafe.park(java.base@21.0.2/Native Method)
	- parking to wait for  <0x00000000a4463348> (a java.util.concurrent.locks.AbstractQueuedSynchronizer$ConditionObject)
	at java.util.concurrent.locks.LockSupport.parkNanos(java.base@21.0.2/LockSupport.java:269)
	at java.util.concurrent.locks.AbstractQueuedSynchronizer$ConditionObject.await(java.base@21.0.2/AbstractQueuedSynchronizer.java:1847)
	at java.lang.ref.ReferenceQueue.await(java.base@21.0.2/ReferenceQueue.java:71)
	at java.lang.ref.ReferenceQueue.remove0(java.base@21.0.2/ReferenceQueue.java:143)
	at java.lang.ref.ReferenceQueue.remove(java.base@21.0.2/ReferenceQueue.java:218)
	at jdk.internal.ref.CleanerImpl.run(java.base@21.0.2/CleanerImpl.java:140)
	at java.lang.Thread.runWith(java.base@21.0.2/Thread.java:1596)
	at java.lang.Thread.run(java.base@21.0.2/Thread.java:1583)
	at jdk.internal.misc.InnocuousThread.run(java.base@21.0.2/InnocuousThread.java:186)

   Locked ownable synchronizers:
	- None

"Cleaner-0" #20 [24] daemon prio=8 os_prio=0 cpu=7.81ms elapsed=287.82s tid=0x00007f0490209510 nid=24 waiting on condition  [0x00007f04524f6000]
   java.lang.Thread.State: TIMED_WAITING (parking)
	at jdk.internal.misc.Unsafe.park(java.base@21.0.2/Native Method)
	- parking to wait for  <0x00000000a43c34b0> (a java.util.concurrent.locks.AbstractQueuedSynchronizer$ConditionObject)
	at java.util.concurrent.locks.LockSupport.parkNanos(java.base@21.0.2/LockSupport.java:269)
	at java.util.concurrent.locks.AbstractQueuedSynchronizer$ConditionObject.await(java.base@21.0.2/AbstractQueuedSynchronizer.java:1847)
	at java.lang.ref.ReferenceQueue.await(java.base@21.0.2/ReferenceQueue.java:71)
	at java.lang.ref.ReferenceQueue.remove0(java.base@21.0.2/ReferenceQueue.java:143)
	at java.lang.ref.ReferenceQueue.remove(java.base@21.0.2/ReferenceQueue.java:218)
	at jdk.internal.ref.CleanerImpl.run(java.base@21.0.2/CleanerImpl.java:140)
	at java.lang.Thread.runWith(java.base@21.0.2/Thread.java:1596)
	at java.lang.Thread.run(java.base@21.0.2/Thread.java:1583)
	at jdk.internal.misc.InnocuousThread.run(java.base@21.0.2/InnocuousThread.java:186)

   Locked ownable synchronizers:
	- None

"PostgreSQL-JDBC-Cleaner" #33 [38] daemon prio=5 os_prio=0 cpu=1.65ms elapsed=281.90s tid=0x00007f04919a9b10 nid=38 waiting on condition  [0x00007f04522a9000]
   java.lang.Thread.State: TIMED_WAITING (parking)
	at jdk.internal.misc.Unsafe.park(java.base@21.0.2/Native Method)
	- parking to wait for  <0x00000000a20000a0> (a java.util.concurrent.locks.AbstractQueuedSynchronizer$ConditionObject)
	at java.util.concurrent.locks.LockSupport.parkNanos(java.base@21.0.2/LockSupport.java:269)
	at java.util.concurrent.locks.AbstractQueuedSynchronizer$ConditionObject.await(java.base@21.0.2/AbstractQueuedSynchronizer.java:1847)
	at java.lang.ref.ReferenceQueue.await(java.base@21.0.2/ReferenceQueue.java:71)
	at java.lang.ref.ReferenceQueue.remove0(java.base@21.0.2/ReferenceQueue.java:143)
	at java.lang.ref.ReferenceQueue.remove(java.base@21.0.2/ReferenceQueue.java:218)
	at org.postgresql.util.LazyCleaner$1.run(LazyCleaner.java:128)
	at java.lang.Thread.runWith(java.base@21.0.2/Thread.java:1596)
	at java.lang.Thread.run(java.base@21.0.2/Thread.java:1583)

   Locked ownable synchronizers:
	- None

"HikariPool-1 housekeeper" #34 [39] daemon prio=5 os_prio=0 cpu=5.72ms elapsed=281.88s tid=0x00007f04919ac170 nid=39 waiting on condition  [0x00007f045189f000]
   java.lang.Thread.State: TIMED_WAITING (parking)
	at jdk.internal.misc.Unsafe.park(java.base@21.0.2/Native Method)
	- parking to wait for  <0x00000000a2000f58> (a java.util.concurrent.locks.AbstractQueuedSynchronizer$ConditionObject)
	at java.util.concurrent.locks.LockSupport.parkNanos(java.base@21.0.2/LockSupport.java:269)
	at java.util.concurrent.locks.AbstractQueuedSynchronizer$ConditionObject.awaitNanos(java.base@21.0.2/AbstractQueuedSynchronizer.java:1758)
	at java.util.concurrent.ScheduledThreadPoolExecutor$DelayedWorkQueue.take(java.base@21.0.2/ScheduledThreadPoolExecutor.java:1182)
	at java.util.concurrent.ScheduledThreadPoolExecutor$DelayedWorkQueue.take(java.base@21.0.2/ScheduledThreadPoolExecutor.java:899)
	at java.util.concurrent.ThreadPoolExecutor.getTask(java.base@21.0.2/ThreadPoolExecutor.java:1070)
	at java.util.concurrent.ThreadPoolExecutor.runWorker(java.base@21.0.2/ThreadPoolExecutor.java:1130)
	at java.util.concurrent.ThreadPoolExecutor$Worker.run(java.base@21.0.2/ThreadPoolExecutor.java:642)
	at java.lang.Thread.runWith(java.base@21.0.2/Thread.java:1596)
	at java.lang.Thread.run(java.base@21.0.2/Thread.java:1583)

   Locked ownable synchronizers:
	- None

"Catalina-utility-1" #36 [44] prio=1 os_prio=0 cpu=34.63ms elapsed=277.38s tid=0x00007f0492990380 nid=44 waiting on condition  [0x00007f045169d000]
   java.lang.Thread.State: WAITING (parking)
	at jdk.internal.misc.Unsafe.park(java.base@21.0.2/Native Method)
	- parking to wait for  <0x00000000a2001e60> (a java.util.concurrent.locks.AbstractQueuedSynchronizer$ConditionObject)
	at java.util.concurrent.locks.LockSupport.park(java.base@21.0.2/LockSupport.java:371)
	at java.util.concurrent.locks.AbstractQueuedSynchronizer$ConditionNode.block(java.base@21.0.2/AbstractQueuedSynchronizer.java:519)
	at java.util.concurrent.ForkJoinPool.unmanagedBlock(java.base@21.0.2/ForkJoinPool.java:3780)
	at java.util.concurrent.ForkJoinPool.managedBlock(java.base@21.0.2/ForkJoinPool.java:3725)
	at java.util.concurrent.locks.AbstractQueuedSynchronizer$ConditionObject.await(java.base@21.0.2/AbstractQueuedSynchronizer.java:1707)
	at java.util.concurrent.ScheduledThreadPoolExecutor$DelayedWorkQueue.take(java.base@21.0.2/ScheduledThreadPoolExecutor.java:1177)
	at java.util.concurrent.ScheduledThreadPoolExecutor$DelayedWorkQueue.take(java.base@21.0.2/ScheduledThreadPoolExecutor.java:899)
	at java.util.concurrent.ThreadPoolExecutor.getTask(java.base@21.0.2/ThreadPoolExecutor.java:1070)
	at java.util.concurrent.ThreadPoolExecutor.runWorker(java.base@21.0.2/ThreadPoolExecutor.java:1130)
	at java.util.concurrent.ThreadPoolExecutor$Worker.run(java.base@21.0.2/ThreadPoolExecutor.java:642)
	at org.apache.tomcat.util.threads.TaskThread$WrappingRunnable.run(TaskThread.java:63)
	at java.lang.Thread.runWith(java.base@21.0.2/Thread.java:1596)
	at java.lang.Thread.run(java.base@21.0.2/Thread.java:1583)

   Locked ownable synchronizers:
	- None

"Catalina-utility-2" #37 [45] prio=1 os_prio=0 cpu=45.01ms elapsed=277.37s tid=0x00007f0388001240 nid=45 waiting on condition  [0x00007f045159c000]
   java.lang.Thread.State: TIMED_WAITING (parking)
	at jdk.internal.misc.Unsafe.park(java.base@21.0.2/Native Method)
	- parking to wait for  <0x00000000a2001e60> (a java.util.concurrent.locks.AbstractQueuedSynchronizer$ConditionObject)
	at java.util.concurrent.locks.LockSupport.parkNanos(java.base@21.0.2/LockSupport.java:269)
	at java.util.concurrent.locks.AbstractQueuedSynchronizer$ConditionObject.awaitNanos(java.base@21.0.2/AbstractQueuedSynchronizer.java:1758)
	at java.util.concurrent.ScheduledThreadPoolExecutor$DelayedWorkQueue.take(java.base@21.0.2/ScheduledThreadPoolExecutor.java:1182)
	at java.util.concurrent.ScheduledThreadPoolExecutor$DelayedWorkQueue.take(java.base@21.0.2/ScheduledThreadPoolExecutor.java:899)
	at java.util.concurrent.ThreadPoolExecutor.getTask(java.base@21.0.2/ThreadPoolExecutor.java:1070)
	at java.util.concurrent.ThreadPoolExecutor.runWorker(java.base@21.0.2/ThreadPoolExecutor.java:1130)
	at java.util.concurrent.ThreadPoolExecutor$Worker.run(java.base@21.0.2/ThreadPoolExecutor.java:642)
	at org.apache.tomcat.util.threads.TaskThread$WrappingRunnable.run(TaskThread.java:63)
	at java.lang.Thread.runWith(java.base@21.0.2/Thread.java:1596)
	at java.lang.Thread.run(java.base@21.0.2/Thread.java:1583)

   Locked ownable synchronizers:
	- None

"container-0" #38 [46] prio=5 os_prio=0 cpu=1.34ms elapsed=277.35s tid=0x00007f0492992600 nid=46 waiting on condition  [0x00007f045149b000]
   java.lang.Thread.State: TIMED_WAITING (sleeping)
	at java.lang.Thread.sleep0(java.base@21.0.2/Native Method)
	at java.lang.Thread.sleep(java.base@21.0.2/Thread.java:509)
	at org.apache.catalina.core.StandardServer.await(StandardServer.java:564)
	at org.springframework.boot.web.embedded.tomcat.TomcatWebServer$1.run(TomcatWebServer.java:217)

   Locked ownable synchronizers:
	- None

"nioEventLoopGroup-2-1" #39 [48] prio=10 os_prio=0 cpu=102.57ms elapsed=273.53s tid=0x00007f049396ce00 nid=48 runnable  [0x00007f04519a0000]
   java.lang.Thread.State: RUNNABLE
	at sun.nio.ch.EPoll.wait(java.base@21.0.2/Native Method)
	at sun.nio.ch.EPollSelectorImpl.doSelect(java.base@21.0.2/EPollSelectorImpl.java:121)
	at sun.nio.ch.SelectorImpl.lockAndDoSelect(java.base@21.0.2/SelectorImpl.java:130)
	- locked <0x00000000a2002e80> (a io.netty.channel.nio.SelectedSelectionKeySet)
	- locked <0x00000000a2002e30> (a sun.nio.ch.EPollSelectorImpl)
	at sun.nio.ch.SelectorImpl.select(java.base@21.0.2/SelectorImpl.java:147)
	at io.netty.channel.nio.SelectedSelectionKeySetSelector.select(SelectedSelectionKeySetSelector.java:68)
	at io.netty.channel.nio.NioEventLoop.select(NioEventLoop.java:879)
	at io.netty.channel.nio.NioEventLoop.run(NioEventLoop.java:526)
	at io.netty.util.concurrent.SingleThreadEventExecutor$4.run(SingleThreadEventExecutor.java:997)
	at io.netty.util.internal.ThreadExecutorMap$2.run(ThreadExecutorMap.java:74)
	at io.netty.util.concurrent.FastThreadLocalRunnable.run(FastThreadLocalRunnable.java:30)
	at java.lang.Thread.runWith(java.base@21.0.2/Thread.java:1596)
	at java.lang.Thread.run(java.base@21.0.2/Thread.java:1583)

   Locked ownable synchronizers:
	- None

"H2 TCP Server (tcp://192.168.112.5:9090)" #41 [51] prio=5 os_prio=0 cpu=7.31ms elapsed=272.23s tid=0x00007f04901834b0 nid=51 runnable  [0x00007f045139a000]
   java.lang.Thread.State: RUNNABLE
	at sun.nio.ch.Net.accept(java.base@21.0.2/Native Method)
	at sun.nio.ch.NioSocketImpl.accept(java.base@21.0.2/NioSocketImpl.java:748)
	at java.net.ServerSocket.implAccept(java.base@21.0.2/ServerSocket.java:698)
	at java.net.ServerSocket.platformImplAccept(java.base@21.0.2/ServerSocket.java:663)
	at java.net.ServerSocket.implAccept(java.base@21.0.2/ServerSocket.java:639)
	at java.net.ServerSocket.implAccept(java.base@21.0.2/ServerSocket.java:585)
	at java.net.ServerSocket.accept(java.base@21.0.2/ServerSocket.java:543)
	at org.h2.server.TcpServer.listen(TcpServer.java:259)
	at org.h2.tools.Server.run(Server.java:647)
	at java.lang.Thread.runWith(java.base@21.0.2/Thread.java:1596)
	at java.lang.Thread.run(java.base@21.0.2/Thread.java:1583)

   Locked ownable synchronizers:
	- <0x00000000a6f4bef8> (a java.util.concurrent.locks.ReentrantLock$NonfairSync)

"http-nio-9095-exec-1" #43 [53] daemon prio=5 os_prio=0 cpu=0.29ms elapsed=271.05s tid=0x00007f0493b85fb0 nid=53 waiting on condition  [0x00007f0451299000]
   java.lang.Thread.State: WAITING (parking)
	at jdk.internal.misc.Unsafe.park(java.base@21.0.2/Native Method)
	- parking to wait for  <0x00000000a6055978> (a java.util.concurrent.locks.AbstractQueuedSynchronizer$ConditionObject)
	at java.util.concurrent.locks.LockSupport.park(java.base@21.0.2/LockSupport.java:371)
	at java.util.concurrent.locks.AbstractQueuedSynchronizer$ConditionNode.block(java.base@21.0.2/AbstractQueuedSynchronizer.java:519)
	at java.util.concurrent.ForkJoinPool.unmanagedBlock(java.base@21.0.2/ForkJoinPool.java:3780)
	at java.util.concurrent.ForkJoinPool.managedBlock(java.base@21.0.2/ForkJoinPool.java:3725)
	at java.util.concurrent.locks.AbstractQueuedSynchronizer$ConditionObject.await(java.base@21.0.2/AbstractQueuedSynchronizer.java:1707)
	at java.util.concurrent.LinkedBlockingQueue.take(java.base@21.0.2/LinkedBlockingQueue.java:435)
	at org.apache.tomcat.util.threads.TaskQueue.take(TaskQueue.java:117)
	at org.apache.tomcat.util.threads.TaskQueue.take(TaskQueue.java:33)
	at org.apache.tomcat.util.threads.ThreadPoolExecutor.getTask(ThreadPoolExecutor.java:1114)
	at org.apache.tomcat.util.threads.ThreadPoolExecutor.runWorker(ThreadPoolExecutor.java:1176)
	at org.apache.tomcat.util.threads.ThreadPoolExecutor$Worker.run(ThreadPoolExecutor.java:659)
	at org.apache.tomcat.util.threads.TaskThread$WrappingRunnable.run(TaskThread.java:63)
	at java.lang.Thread.runWith(java.base@21.0.2/Thread.java:1596)
	at java.lang.Thread.run(java.base@21.0.2/Thread.java:1583)

   Locked ownable synchronizers:
	- None

"http-nio-9095-exec-2" #44 [54] daemon prio=5 os_prio=0 cpu=0.20ms elapsed=271.05s tid=0x00007f0493b86d30 nid=54 waiting on condition  [0x00007f0451198000]
   java.lang.Thread.State: WAITING (parking)
	at jdk.internal.misc.Unsafe.park(java.base@21.0.2/Native Method)
	- parking to wait for  <0x00000000a6055978> (a java.util.concurrent.locks.AbstractQueuedSynchronizer$ConditionObject)
	at java.util.concurrent.locks.LockSupport.park(java.base@21.0.2/LockSupport.java:371)
	at java.util.concurrent.locks.AbstractQueuedSynchronizer$ConditionNode.block(java.base@21.0.2/AbstractQueuedSynchronizer.java:519)
	at java.util.concurrent.ForkJoinPool.unmanagedBlock(java.base@21.0.2/ForkJoinPool.java:3780)
	at java.util.concurrent.ForkJoinPool.managedBlock(java.base@21.0.2/ForkJoinPool.java:3725)
	at java.util.concurrent.locks.AbstractQueuedSynchronizer$ConditionObject.await(java.base@21.0.2/AbstractQueuedSynchronizer.java:1707)
	at java.util.concurrent.LinkedBlockingQueue.take(java.base@21.0.2/LinkedBlockingQueue.java:435)
	at org.apache.tomcat.util.threads.TaskQueue.take(TaskQueue.java:117)
	at org.apache.tomcat.util.threads.TaskQueue.take(TaskQueue.java:33)
	at org.apache.tomcat.util.threads.ThreadPoolExecutor.getTask(ThreadPoolExecutor.java:1114)
	at org.apache.tomcat.util.threads.ThreadPoolExecutor.runWorker(ThreadPoolExecutor.java:1176)
	at org.apache.tomcat.util.threads.ThreadPoolExecutor$Worker.run(ThreadPoolExecutor.java:659)
	at org.apache.tomcat.util.threads.TaskThread$WrappingRunnable.run(TaskThread.java:63)
	at java.lang.Thread.runWith(java.base@21.0.2/Thread.java:1596)
	at java.lang.Thread.run(java.base@21.0.2/Thread.java:1583)

   Locked ownable synchronizers:
	- None

"http-nio-9095-exec-3" #45 [55] daemon prio=5 os_prio=0 cpu=0.27ms elapsed=271.05s tid=0x00007f0493b87f70 nid=55 waiting on condition  [0x00007f0451097000]
   java.lang.Thread.State: WAITING (parking)
	at jdk.internal.misc.Unsafe.park(java.base@21.0.2/Native Method)
	- parking to wait for  <0x00000000a6055978> (a java.util.concurrent.locks.AbstractQueuedSynchronizer$ConditionObject)
	at java.util.concurrent.locks.LockSupport.park(java.base@21.0.2/LockSupport.java:371)
	at java.util.concurrent.locks.AbstractQueuedSynchronizer$ConditionNode.block(java.base@21.0.2/AbstractQueuedSynchronizer.java:519)
	at java.util.concurrent.ForkJoinPool.unmanagedBlock(java.base@21.0.2/ForkJoinPool.java:3780)
	at java.util.concurrent.ForkJoinPool.managedBlock(java.base@21.0.2/ForkJoinPool.java:3725)
	at java.util.concurrent.locks.AbstractQueuedSynchronizer$ConditionObject.await(java.base@21.0.2/AbstractQueuedSynchronizer.java:1707)
	at java.util.concurrent.LinkedBlockingQueue.take(java.base@21.0.2/LinkedBlockingQueue.java:435)
	at org.apache.tomcat.util.threads.TaskQueue.take(TaskQueue.java:117)
	at org.apache.tomcat.util.threads.TaskQueue.take(TaskQueue.java:33)
	at org.apache.tomcat.util.threads.ThreadPoolExecutor.getTask(ThreadPoolExecutor.java:1114)
	at org.apache.tomcat.util.threads.ThreadPoolExecutor.runWorker(ThreadPoolExecutor.java:1176)
	at org.apache.tomcat.util.threads.ThreadPoolExecutor$Worker.run(ThreadPoolExecutor.java:659)
	at org.apache.tomcat.util.threads.TaskThread$WrappingRunnable.run(TaskThread.java:63)
	at java.lang.Thread.runWith(java.base@21.0.2/Thread.java:1596)
	at java.lang.Thread.run(java.base@21.0.2/Thread.java:1583)

   Locked ownable synchronizers:
	- None

"http-nio-9095-exec-4" #46 [56] daemon prio=5 os_prio=0 cpu=0.14ms elapsed=271.01s tid=0x00007f0493b891c0 nid=56 waiting on condition  [0x00007f0450f96000]
   java.lang.Thread.State: WAITING (parking)
	at jdk.internal.misc.Unsafe.park(java.base@21.0.2/Native Method)
	- parking to wait for  <0x00000000a6055978> (a java.util.concurrent.locks.AbstractQueuedSynchronizer$ConditionObject)
	at java.util.concurrent.locks.LockSupport.park(java.base@21.0.2/LockSupport.java:371)
	at java.util.concurrent.locks.AbstractQueuedSynchronizer$ConditionNode.block(java.base@21.0.2/AbstractQueuedSynchronizer.java:519)
	at java.util.concurrent.ForkJoinPool.unmanagedBlock(java.base@21.0.2/ForkJoinPool.java:3780)
	at java.util.concurrent.ForkJoinPool.managedBlock(java.base@21.0.2/ForkJoinPool.java:3725)
	at java.util.concurrent.locks.AbstractQueuedSynchronizer$ConditionObject.await(java.base@21.0.2/AbstractQueuedSynchronizer.java:1707)
	at java.util.concurrent.LinkedBlockingQueue.take(java.base@21.0.2/LinkedBlockingQueue.java:435)
	at org.apache.tomcat.util.threads.TaskQueue.take(TaskQueue.java:117)
	at org.apache.tomcat.util.threads.TaskQueue.take(TaskQueue.java:33)
	at org.apache.tomcat.util.threads.ThreadPoolExecutor.getTask(ThreadPoolExecutor.java:1114)
	at org.apache.tomcat.util.threads.ThreadPoolExecutor.runWorker(ThreadPoolExecutor.java:1176)
	at org.apache.tomcat.util.threads.ThreadPoolExecutor$Worker.run(ThreadPoolExecutor.java:659)
	at org.apache.tomcat.util.threads.TaskThread$WrappingRunnable.run(TaskThread.java:63)
	at java.lang.Thread.runWith(java.base@21.0.2/Thread.java:1596)
	at java.lang.Thread.run(java.base@21.0.2/Thread.java:1583)

   Locked ownable synchronizers:
	- None

"http-nio-9095-exec-5" #47 [57] daemon prio=5 os_prio=0 cpu=0.11ms elapsed=271.01s tid=0x00007f0493b8a2f0 nid=57 waiting on condition  [0x00007f0450e95000]
   java.lang.Thread.State: WAITING (parking)
	at jdk.internal.misc.Unsafe.park(java.base@21.0.2/Native Method)
	- parking to wait for  <0x00000000a6055978> (a java.util.concurrent.locks.AbstractQueuedSynchronizer$ConditionObject)
	at java.util.concurrent.locks.LockSupport.park(java.base@21.0.2/LockSupport.java:371)
	at java.util.concurrent.locks.AbstractQueuedSynchronizer$ConditionNode.block(java.base@21.0.2/AbstractQueuedSynchronizer.java:519)
	at java.util.concurrent.ForkJoinPool.unmanagedBlock(java.base@21.0.2/ForkJoinPool.java:3780)
	at java.util.concurrent.ForkJoinPool.managedBlock(java.base@21.0.2/ForkJoinPool.java:3725)
	at java.util.concurrent.locks.AbstractQueuedSynchronizer$ConditionObject.await(java.base@21.0.2/AbstractQueuedSynchronizer.java:1707)
	at java.util.concurrent.LinkedBlockingQueue.take(java.base@21.0.2/LinkedBlockingQueue.java:435)
	at org.apache.tomcat.util.threads.TaskQueue.take(TaskQueue.java:117)
	at org.apache.tomcat.util.threads.TaskQueue.take(TaskQueue.java:33)
	at org.apache.tomcat.util.threads.ThreadPoolExecutor.getTask(ThreadPoolExecutor.java:1114)
	at org.apache.tomcat.util.threads.ThreadPoolExecutor.runWorker(ThreadPoolExecutor.java:1176)
	at org.apache.tomcat.util.threads.ThreadPoolExecutor$Worker.run(ThreadPoolExecutor.java:659)
	at org.apache.tomcat.util.threads.TaskThread$WrappingRunnable.run(TaskThread.java:63)
	at java.lang.Thread.runWith(java.base@21.0.2/Thread.java:1596)
	at java.lang.Thread.run(java.base@21.0.2/Thread.java:1583)

   Locked ownable synchronizers:
	- None

"http-nio-9095-exec-6" #48 [58] daemon prio=5 os_prio=0 cpu=0.22ms elapsed=271.01s tid=0x00007f0493b8bfb0 nid=58 waiting on condition  [0x00007f0450d94000]
   java.lang.Thread.State: WAITING (parking)
	at jdk.internal.misc.Unsafe.park(java.base@21.0.2/Native Method)
	- parking to wait for  <0x00000000a6055978> (a java.util.concurrent.locks.AbstractQueuedSynchronizer$ConditionObject)
	at java.util.concurrent.locks.LockSupport.park(java.base@21.0.2/LockSupport.java:371)
	at java.util.concurrent.locks.AbstractQueuedSynchronizer$ConditionNode.block(java.base@21.0.2/AbstractQueuedSynchronizer.java:519)
	at java.util.concurrent.ForkJoinPool.unmanagedBlock(java.base@21.0.2/ForkJoinPool.java:3780)
	at java.util.concurrent.ForkJoinPool.managedBlock(java.base@21.0.2/ForkJoinPool.java:3725)
	at java.util.concurrent.locks.AbstractQueuedSynchronizer$ConditionObject.await(java.base@21.0.2/AbstractQueuedSynchronizer.java:1707)
	at java.util.concurrent.LinkedBlockingQueue.take(java.base@21.0.2/LinkedBlockingQueue.java:435)
	at org.apache.tomcat.util.threads.TaskQueue.take(TaskQueue.java:117)
	at org.apache.tomcat.util.threads.TaskQueue.take(TaskQueue.java:33)
	at org.apache.tomcat.util.threads.ThreadPoolExecutor.getTask(ThreadPoolExecutor.java:1114)
	at org.apache.tomcat.util.threads.ThreadPoolExecutor.runWorker(ThreadPoolExecutor.java:1176)
	at org.apache.tomcat.util.threads.ThreadPoolExecutor$Worker.run(ThreadPoolExecutor.java:659)
	at org.apache.tomcat.util.threads.TaskThread$WrappingRunnable.run(TaskThread.java:63)
	at java.lang.Thread.runWith(java.base@21.0.2/Thread.java:1596)
	at java.lang.Thread.run(java.base@21.0.2/Thread.java:1583)

   Locked ownable synchronizers:
	- None

"http-nio-9095-exec-7" #49 [59] daemon prio=5 os_prio=0 cpu=0.20ms elapsed=270.99s tid=0x00007f0493b8ccd0 nid=59 waiting on condition  [0x00007f0450c93000]
   java.lang.Thread.State: WAITING (parking)
	at jdk.internal.misc.Unsafe.park(java.base@21.0.2/Native Method)
	- parking to wait for  <0x00000000a6055978> (a java.util.concurrent.locks.AbstractQueuedSynchronizer$ConditionObject)
	at java.util.concurrent.locks.LockSupport.park(java.base@21.0.2/LockSupport.java:371)
	at java.util.concurrent.locks.AbstractQueuedSynchronizer$ConditionNode.block(java.base@21.0.2/AbstractQueuedSynchronizer.java:519)
	at java.util.concurrent.ForkJoinPool.unmanagedBlock(java.base@21.0.2/ForkJoinPool.java:3780)
	at java.util.concurrent.ForkJoinPool.managedBlock(java.base@21.0.2/ForkJoinPool.java:3725)
	at java.util.concurrent.locks.AbstractQueuedSynchronizer$ConditionObject.await(java.base@21.0.2/AbstractQueuedSynchronizer.java:1707)
	at java.util.concurrent.LinkedBlockingQueue.take(java.base@21.0.2/LinkedBlockingQueue.java:435)
	at org.apache.tomcat.util.threads.TaskQueue.take(TaskQueue.java:117)
	at org.apache.tomcat.util.threads.TaskQueue.take(TaskQueue.java:33)
	at org.apache.tomcat.util.threads.ThreadPoolExecutor.getTask(ThreadPoolExecutor.java:1114)
	at org.apache.tomcat.util.threads.ThreadPoolExecutor.runWorker(ThreadPoolExecutor.java:1176)
	at org.apache.tomcat.util.threads.ThreadPoolExecutor$Worker.run(ThreadPoolExecutor.java:659)
	at org.apache.tomcat.util.threads.TaskThread$WrappingRunnable.run(TaskThread.java:63)
	at java.lang.Thread.runWith(java.base@21.0.2/Thread.java:1596)
	at java.lang.Thread.run(java.base@21.0.2/Thread.java:1583)

   Locked ownable synchronizers:
	- None

"http-nio-9095-exec-8" #50 [60] daemon prio=5 os_prio=0 cpu=0.12ms elapsed=270.99s tid=0x00007f0493b8dea0 nid=60 waiting on condition  [0x00007f0450b92000]
   java.lang.Thread.State: WAITING (parking)
	at jdk.internal.misc.Unsafe.park(java.base@21.0.2/Native Method)
	- parking to wait for  <0x00000000a6055978> (a java.util.concurrent.locks.AbstractQueuedSynchronizer$ConditionObject)
	at java.util.concurrent.locks.LockSupport.park(java.base@21.0.2/LockSupport.java:371)
	at java.util.concurrent.locks.AbstractQueuedSynchronizer$ConditionNode.block(java.base@21.0.2/AbstractQueuedSynchronizer.java:519)
	at java.util.concurrent.ForkJoinPool.unmanagedBlock(java.base@21.0.2/ForkJoinPool.java:3780)
	at java.util.concurrent.ForkJoinPool.managedBlock(java.base@21.0.2/ForkJoinPool.java:3725)
	at java.util.concurrent.locks.AbstractQueuedSynchronizer$ConditionObject.await(java.base@21.0.2/AbstractQueuedSynchronizer.java:1707)
	at java.util.concurrent.LinkedBlockingQueue.take(java.base@21.0.2/LinkedBlockingQueue.java:435)
	at org.apache.tomcat.util.threads.TaskQueue.take(TaskQueue.java:117)
	at org.apache.tomcat.util.threads.TaskQueue.take(TaskQueue.java:33)
	at org.apache.tomcat.util.threads.ThreadPoolExecutor.getTask(ThreadPoolExecutor.java:1114)
	at org.apache.tomcat.util.threads.ThreadPoolExecutor.runWorker(ThreadPoolExecutor.java:1176)
	at org.apache.tomcat.util.threads.ThreadPoolExecutor$Worker.run(ThreadPoolExecutor.java:659)
	at org.apache.tomcat.util.threads.TaskThread$WrappingRunnable.run(TaskThread.java:63)
	at java.lang.Thread.runWith(java.base@21.0.2/Thread.java:1596)
	at java.lang.Thread.run(java.base@21.0.2/Thread.java:1583)

   Locked ownable synchronizers:
	- None

"http-nio-9095-exec-9" #51 [61] daemon prio=5 os_prio=0 cpu=0.19ms elapsed=270.99s tid=0x00007f0493b8f110 nid=61 waiting on condition  [0x00007f0450a91000]
   java.lang.Thread.State: WAITING (parking)
	at jdk.internal.misc.Unsafe.park(java.base@21.0.2/Native Method)
	- parking to wait for  <0x00000000a6055978> (a java.util.concurrent.locks.AbstractQueuedSynchronizer$ConditionObject)
	at java.util.concurrent.locks.LockSupport.park(java.base@21.0.2/LockSupport.java:371)
	at java.util.concurrent.locks.AbstractQueuedSynchronizer$ConditionNode.block(java.base@21.0.2/AbstractQueuedSynchronizer.java:519)
	at java.util.concurrent.ForkJoinPool.unmanagedBlock(java.base@21.0.2/ForkJoinPool.java:3780)
	at java.util.concurrent.ForkJoinPool.managedBlock(java.base@21.0.2/ForkJoinPool.java:3725)
	at java.util.concurrent.locks.AbstractQueuedSynchronizer$ConditionObject.await(java.base@21.0.2/AbstractQueuedSynchronizer.java:1707)
	at java.util.concurrent.LinkedBlockingQueue.take(java.base@21.0.2/LinkedBlockingQueue.java:435)
	at org.apache.tomcat.util.threads.TaskQueue.take(TaskQueue.java:117)
	at org.apache.tomcat.util.threads.TaskQueue.take(TaskQueue.java:33)
	at org.apache.tomcat.util.threads.ThreadPoolExecutor.getTask(ThreadPoolExecutor.java:1114)
	at org.apache.tomcat.util.threads.ThreadPoolExecutor.runWorker(ThreadPoolExecutor.java:1176)
	at org.apache.tomcat.util.threads.ThreadPoolExecutor$Worker.run(ThreadPoolExecutor.java:659)
	at org.apache.tomcat.util.threads.TaskThread$WrappingRunnable.run(TaskThread.java:63)
	at java.lang.Thread.runWith(java.base@21.0.2/Thread.java:1596)
	at java.lang.Thread.run(java.base@21.0.2/Thread.java:1583)

   Locked ownable synchronizers:
	- None

"http-nio-9095-exec-10" #52 [62] daemon prio=5 os_prio=0 cpu=0.15ms elapsed=270.99s tid=0x00007f0493b902a0 nid=62 waiting on condition  [0x00007f0450990000]
   java.lang.Thread.State: WAITING (parking)
	at jdk.internal.misc.Unsafe.park(java.base@21.0.2/Native Method)
	- parking to wait for  <0x00000000a6055978> (a java.util.concurrent.locks.AbstractQueuedSynchronizer$ConditionObject)
	at java.util.concurrent.locks.LockSupport.park(java.base@21.0.2/LockSupport.java:371)
	at java.util.concurrent.locks.AbstractQueuedSynchronizer$ConditionNode.block(java.base@21.0.2/AbstractQueuedSynchronizer.java:519)
	at java.util.concurrent.ForkJoinPool.unmanagedBlock(java.base@21.0.2/ForkJoinPool.java:3780)
	at java.util.concurrent.ForkJoinPool.managedBlock(java.base@21.0.2/ForkJoinPool.java:3725)
	at java.util.concurrent.locks.AbstractQueuedSynchronizer$ConditionObject.await(java.base@21.0.2/AbstractQueuedSynchronizer.java:1707)
	at java.util.concurrent.LinkedBlockingQueue.take(java.base@21.0.2/LinkedBlockingQueue.java:435)
	at org.apache.tomcat.util.threads.TaskQueue.take(TaskQueue.java:117)
	at org.apache.tomcat.util.threads.TaskQueue.take(TaskQueue.java:33)
	at org.apache.tomcat.util.threads.ThreadPoolExecutor.getTask(ThreadPoolExecutor.java:1114)
	at org.apache.tomcat.util.threads.ThreadPoolExecutor.runWorker(ThreadPoolExecutor.java:1176)
	at org.apache.tomcat.util.threads.ThreadPoolExecutor$Worker.run(ThreadPoolExecutor.java:659)
	at org.apache.tomcat.util.threads.TaskThread$WrappingRunnable.run(TaskThread.java:63)
	at java.lang.Thread.runWith(java.base@21.0.2/Thread.java:1596)
	at java.lang.Thread.run(java.base@21.0.2/Thread.java:1583)

   Locked ownable synchronizers:
	- None

"http-nio-9095-Poller" #53 [63] daemon prio=5 os_prio=0 cpu=22.61ms elapsed=270.99s tid=0x00007f0493b92ab0 nid=63 runnable  [0x00007f045088f000]
   java.lang.Thread.State: RUNNABLE
	at sun.nio.ch.EPoll.wait(java.base@21.0.2/Native Method)
	at sun.nio.ch.EPollSelectorImpl.doSelect(java.base@21.0.2/EPollSelectorImpl.java:121)
	at sun.nio.ch.SelectorImpl.lockAndDoSelect(java.base@21.0.2/SelectorImpl.java:130)
	- locked <0x00000000a6059748> (a sun.nio.ch.Util$2)
	- locked <0x00000000a60596f8> (a sun.nio.ch.EPollSelectorImpl)
	at sun.nio.ch.SelectorImpl.select(java.base@21.0.2/SelectorImpl.java:142)
	at org.apache.tomcat.util.net.NioEndpoint$Poller.run(NioEndpoint.java:758)
	at java.lang.Thread.runWith(java.base@21.0.2/Thread.java:1596)
	at java.lang.Thread.run(java.base@21.0.2/Thread.java:1583)

   Locked ownable synchronizers:
	- None

"http-nio-9095-Acceptor" #54 [64] daemon prio=5 os_prio=0 cpu=0.23ms elapsed=270.98s tid=0x00007f0493b93f90 nid=64 runnable  [0x00007f045078e000]
   java.lang.Thread.State: RUNNABLE
	at sun.nio.ch.Net.accept(java.base@21.0.2/Native Method)
	at sun.nio.ch.ServerSocketChannelImpl.implAccept(java.base@21.0.2/ServerSocketChannelImpl.java:433)
	at sun.nio.ch.ServerSocketChannelImpl.accept(java.base@21.0.2/ServerSocketChannelImpl.java:399)
	at org.apache.tomcat.util.net.NioEndpoint.serverSocketAccept(NioEndpoint.java:521)
	at org.apache.tomcat.util.net.NioEndpoint.serverSocketAccept(NioEndpoint.java:79)
	at org.apache.tomcat.util.net.Acceptor.run(Acceptor.java:128)
	at java.lang.Thread.runWith(java.base@21.0.2/Thread.java:1596)
	at java.lang.Thread.run(java.base@21.0.2/Thread.java:1583)

   Locked ownable synchronizers:
	- <0x00000000a60ecaf8> (a java.util.concurrent.locks.ReentrantLock$NonfairSync)

"scheduling-1" #55 [65] prio=5 os_prio=0 cpu=49.48ms elapsed=270.96s tid=0x00007f0493b9c830 nid=65 waiting on condition  [0x00007f045068d000]
   java.lang.Thread.State: TIMED_WAITING (parking)
	at jdk.internal.misc.Unsafe.park(java.base@21.0.2/Native Method)
	- parking to wait for  <0x00000000a605cff8> (a java.util.concurrent.locks.AbstractQueuedSynchronizer$ConditionObject)
	at java.util.concurrent.locks.LockSupport.parkNanos(java.base@21.0.2/LockSupport.java:269)
	at java.util.concurrent.locks.AbstractQueuedSynchronizer$ConditionObject.awaitNanos(java.base@21.0.2/AbstractQueuedSynchronizer.java:1758)
	at java.util.concurrent.ScheduledThreadPoolExecutor$DelayedWorkQueue.take(java.base@21.0.2/ScheduledThreadPoolExecutor.java:1182)
	at java.util.concurrent.ScheduledThreadPoolExecutor$DelayedWorkQueue.take(java.base@21.0.2/ScheduledThreadPoolExecutor.java:899)
	at java.util.concurrent.ThreadPoolExecutor.getTask(java.base@21.0.2/ThreadPoolExecutor.java:1070)
	at java.util.concurrent.ThreadPoolExecutor.runWorker(java.base@21.0.2/ThreadPoolExecutor.java:1130)
	at java.util.concurrent.ThreadPoolExecutor$Worker.run(java.base@21.0.2/ThreadPoolExecutor.java:642)
	at java.lang.Thread.runWith(java.base@21.0.2/Thread.java:1596)
	at java.lang.Thread.run(java.base@21.0.2/Thread.java:1583)

   Locked ownable synchronizers:
	- None

"nioEventLoopGroup-4-1" #80 [98] prio=10 os_prio=0 cpu=4188.65ms elapsed=257.14s tid=0x00007f0493e36380 nid=98 runnable  [0x00007f045179e000]
   java.lang.Thread.State: RUNNABLE
	at sun.nio.ch.EPoll.wait(java.base@21.0.2/Native Method)
	at sun.nio.ch.EPollSelectorImpl.doSelect(java.base@21.0.2/EPollSelectorImpl.java:121)
	at sun.nio.ch.SelectorImpl.lockAndDoSelect(java.base@21.0.2/SelectorImpl.java:130)
	- locked <0x00000000a6055f88> (a io.netty.channel.nio.SelectedSelectionKeySet)
	- locked <0x00000000a6055f38> (a sun.nio.ch.EPollSelectorImpl)
	at sun.nio.ch.SelectorImpl.select(java.base@21.0.2/SelectorImpl.java:147)
	at io.netty.channel.nio.SelectedSelectionKeySetSelector.select(SelectedSelectionKeySetSelector.java:68)
	at io.netty.channel.nio.NioEventLoop.select(NioEventLoop.java:879)
	at io.netty.channel.nio.NioEventLoop.run(NioEventLoop.java:526)
	at io.netty.util.concurrent.SingleThreadEventExecutor$4.run(SingleThreadEventExecutor.java:997)
	at io.netty.util.internal.ThreadExecutorMap$2.run(ThreadExecutorMap.java:74)
	at io.netty.util.concurrent.FastThreadLocalRunnable.run(FastThreadLocalRunnable.java:30)
	at java.lang.Thread.runWith(java.base@21.0.2/Thread.java:1596)
	at java.lang.Thread.run(java.base@21.0.2/Thread.java:1583)

   Locked ownable synchronizers:
	- None

"ForkJoinPool-1-worker-1" #82 [99] daemon prio=5 os_prio=0 cpu=24.83ms elapsed=257.04s tid=0x00007f0493e38f70 nid=99 waiting on condition  [0x00007f03faaf9000]
   java.lang.Thread.State: TIMED_WAITING (parking)
	at jdk.internal.misc.Unsafe.park(java.base@21.0.2/Native Method)
	- parking to wait for  <0x00000000a6076748> (a java.util.concurrent.ForkJoinPool)
	at java.util.concurrent.locks.LockSupport.parkUntil(java.base@21.0.2/LockSupport.java:449)
	at java.util.concurrent.ForkJoinPool.awaitWork(java.base@21.0.2/ForkJoinPool.java:1891)
	at java.util.concurrent.ForkJoinPool.runWorker(java.base@21.0.2/ForkJoinPool.java:1809)
	at java.util.concurrent.ForkJoinWorkerThread.run(java.base@21.0.2/ForkJoinWorkerThread.java:188)

   Locked ownable synchronizers:
	- None

"VirtualThread-unparker" #83 [100] daemon prio=5 os_prio=0 cpu=5.98ms elapsed=257.04s tid=0x00007f0348015df0 nid=100 waiting on condition  [0x00007f04523aa000]
   java.lang.Thread.State: TIMED_WAITING (parking)
	at jdk.internal.misc.Unsafe.park(java.base@21.0.2/Native Method)
	- parking to wait for  <0x00000000a6076ab0> (a java.util.concurrent.locks.AbstractQueuedSynchronizer$ConditionObject)
	at java.util.concurrent.locks.LockSupport.parkNanos(java.base@21.0.2/LockSupport.java:269)
	at java.util.concurrent.locks.AbstractQueuedSynchronizer$ConditionObject.awaitNanos(java.base@21.0.2/AbstractQueuedSynchronizer.java:1758)
	at java.util.concurrent.ScheduledThreadPoolExecutor$DelayedWorkQueue.take(java.base@21.0.2/ScheduledThreadPoolExecutor.java:1182)
	at java.util.concurrent.ScheduledThreadPoolExecutor$DelayedWorkQueue.take(java.base@21.0.2/ScheduledThreadPoolExecutor.java:899)
	at java.util.concurrent.ThreadPoolExecutor.getTask(java.base@21.0.2/ThreadPoolExecutor.java:1070)
	at java.util.concurrent.ThreadPoolExecutor.runWorker(java.base@21.0.2/ThreadPoolExecutor.java:1130)
	at java.util.concurrent.ThreadPoolExecutor$Worker.run(java.base@21.0.2/ThreadPoolExecutor.java:642)
	at java.lang.Thread.runWith(java.base@21.0.2/Thread.java:1596)
	at java.lang.Thread.run(java.base@21.0.2/Thread.java:1583)
	at jdk.internal.misc.InnocuousThread.run(java.base@21.0.2/InnocuousThread.java:186)

   Locked ownable synchronizers:
	- None

"DestroyJavaVM" #84 [7] prio=5 os_prio=0 cpu=21208.76ms elapsed=257.04s tid=0x00007f0490027e50 nid=7 waiting on condition  [0x0000000000000000]
   java.lang.Thread.State: RUNNABLE

   Locked ownable synchronizers:
	- None

"pool-2-thread-1" #85 [103] prio=5 os_prio=0 cpu=1523.31ms elapsed=256.72s tid=0x00007f03c449b420 nid=103 waiting on condition  [0x00007f03fabfa000]
   java.lang.Thread.State: WAITING (parking)
	at jdk.internal.misc.Unsafe.park(java.base@21.0.2/Native Method)
	- parking to wait for  <0x00000000a369a040> (a java.util.concurrent.locks.AbstractQueuedSynchronizer$ConditionObject)
	at java.util.concurrent.locks.LockSupport.park(java.base@21.0.2/LockSupport.java:371)
	at java.util.concurrent.locks.AbstractQueuedSynchronizer$ConditionNode.block(java.base@21.0.2/AbstractQueuedSynchronizer.java:519)
	at java.util.concurrent.ForkJoinPool.unmanagedBlock(java.base@21.0.2/ForkJoinPool.java:3780)
	at java.util.concurrent.ForkJoinPool.managedBlock(java.base@21.0.2/ForkJoinPool.java:3725)
	at java.util.concurrent.locks.AbstractQueuedSynchronizer$ConditionObject.await(java.base@21.0.2/AbstractQueuedSynchronizer.java:1707)
	at java.util.concurrent.LinkedBlockingQueue.take(java.base@21.0.2/LinkedBlockingQueue.java:435)
	at java.util.concurrent.ThreadPoolExecutor.getTask(java.base@21.0.2/ThreadPoolExecutor.java:1070)
	at java.util.concurrent.ThreadPoolExecutor.runWorker(java.base@21.0.2/ThreadPoolExecutor.java:1130)
	at java.util.concurrent.ThreadPoolExecutor$Worker.run(java.base@21.0.2/ThreadPoolExecutor.java:642)
	at java.lang.Thread.runWith(java.base@21.0.2/Thread.java:1596)
	at java.lang.Thread.run(java.base@21.0.2/Thread.java:1583)

   Locked ownable synchronizers:
	- None

"pool-2-thread-2" #86 [104] prio=5 os_prio=0 cpu=1625.02ms elapsed=256.72s tid=0x00007f03c449bfa0 nid=104 waiting on condition  [0x00007f03fa9f8000]
   java.lang.Thread.State: WAITING (parking)
	at jdk.internal.misc.Unsafe.park(java.base@21.0.2/Native Method)
	- parking to wait for  <0x00000000a369a040> (a java.util.concurrent.locks.AbstractQueuedSynchronizer$ConditionObject)
	at java.util.concurrent.locks.LockSupport.park(java.base@21.0.2/LockSupport.java:371)
	at java.util.concurrent.locks.AbstractQueuedSynchronizer$ConditionNode.block(java.base@21.0.2/AbstractQueuedSynchronizer.java:519)
	at java.util.concurrent.ForkJoinPool.unmanagedBlock(java.base@21.0.2/ForkJoinPool.java:3780)
	at java.util.concurrent.ForkJoinPool.managedBlock(java.base@21.0.2/ForkJoinPool.java:3725)
	at java.util.concurrent.locks.AbstractQueuedSynchronizer$ConditionObject.await(java.base@21.0.2/AbstractQueuedSynchronizer.java:1707)
	at java.util.concurrent.LinkedBlockingQueue.take(java.base@21.0.2/LinkedBlockingQueue.java:435)
	at java.util.concurrent.ThreadPoolExecutor.getTask(java.base@21.0.2/ThreadPoolExecutor.java:1070)
	at java.util.concurrent.ThreadPoolExecutor.runWorker(java.base@21.0.2/ThreadPoolExecutor.java:1130)
	at java.util.concurrent.ThreadPoolExecutor$Worker.run(java.base@21.0.2/ThreadPoolExecutor.java:642)
	at java.lang.Thread.runWith(java.base@21.0.2/Thread.java:1596)
	at java.lang.Thread.run(java.base@21.0.2/Thread.java:1583)

   Locked ownable synchronizers:
	- None

"pool-2-thread-3" #87 [105] prio=5 os_prio=0 cpu=1608.70ms elapsed=256.72s tid=0x00007f03c4315ce0 nid=105 waiting on condition  [0x00007f03faefd000]
   java.lang.Thread.State: WAITING (parking)
	at jdk.internal.misc.Unsafe.park(java.base@21.0.2/Native Method)
	- parking to wait for  <0x00000000a369a040> (a java.util.concurrent.locks.AbstractQueuedSynchronizer$ConditionObject)
	at java.util.concurrent.locks.LockSupport.park(java.base@21.0.2/LockSupport.java:371)
	at java.util.concurrent.locks.AbstractQueuedSynchronizer$ConditionNode.block(java.base@21.0.2/AbstractQueuedSynchronizer.java:519)
	at java.util.concurrent.ForkJoinPool.unmanagedBlock(java.base@21.0.2/ForkJoinPool.java:3780)
	at java.util.concurrent.ForkJoinPool.managedBlock(java.base@21.0.2/ForkJoinPool.java:3725)
	at java.util.concurrent.locks.AbstractQueuedSynchronizer$ConditionObject.await(java.base@21.0.2/AbstractQueuedSynchronizer.java:1707)
	at java.util.concurrent.LinkedBlockingQueue.take(java.base@21.0.2/LinkedBlockingQueue.java:435)
	at java.util.concurrent.ThreadPoolExecutor.getTask(java.base@21.0.2/ThreadPoolExecutor.java:1070)
	at java.util.concurrent.ThreadPoolExecutor.runWorker(java.base@21.0.2/ThreadPoolExecutor.java:1130)
	at java.util.concurrent.ThreadPoolExecutor$Worker.run(java.base@21.0.2/ThreadPoolExecutor.java:642)
	at java.lang.Thread.runWith(java.base@21.0.2/Thread.java:1596)
	at java.lang.Thread.run(java.base@21.0.2/Thread.java:1583)

   Locked ownable synchronizers:
	- None

"pool-2-thread-4" #88 [106] prio=5 os_prio=0 cpu=1632.01ms elapsed=256.71s tid=0x00007f03c4253650 nid=106 waiting on condition  [0x00007f03fa6f5000]
   java.lang.Thread.State: WAITING (parking)
	at jdk.internal.misc.Unsafe.park(java.base@21.0.2/Native Method)
	- parking to wait for  <0x00000000a369a040> (a java.util.concurrent.locks.AbstractQueuedSynchronizer$ConditionObject)
	at java.util.concurrent.locks.LockSupport.park(java.base@21.0.2/LockSupport.java:371)
	at java.util.concurrent.locks.AbstractQueuedSynchronizer$ConditionNode.block(java.base@21.0.2/AbstractQueuedSynchronizer.java:519)
	at java.util.concurrent.ForkJoinPool.unmanagedBlock(java.base@21.0.2/ForkJoinPool.java:3780)
	at java.util.concurrent.ForkJoinPool.managedBlock(java.base@21.0.2/ForkJoinPool.java:3725)
	at java.util.concurrent.locks.AbstractQueuedSynchronizer$ConditionObject.await(java.base@21.0.2/AbstractQueuedSynchronizer.java:1707)
	at java.util.concurrent.LinkedBlockingQueue.take(java.base@21.0.2/LinkedBlockingQueue.java:435)
	at java.util.concurrent.ThreadPoolExecutor.getTask(java.base@21.0.2/ThreadPoolExecutor.java:1070)
	at java.util.concurrent.ThreadPoolExecutor.runWorker(java.base@21.0.2/ThreadPoolExecutor.java:1130)
	at java.util.concurrent.ThreadPoolExecutor$Worker.run(java.base@21.0.2/ThreadPoolExecutor.java:642)
	at java.lang.Thread.runWith(java.base@21.0.2/Thread.java:1596)
	at java.lang.Thread.run(java.base@21.0.2/Thread.java:1583)

   Locked ownable synchronizers:
	- None

"pool-2-thread-5" #89 [107] prio=5 os_prio=0 cpu=1564.62ms elapsed=256.71s tid=0x00007f03c4254090 nid=107 waiting on condition  [0x00007f03fadfc000]
   java.lang.Thread.State: WAITING (parking)
	at jdk.internal.misc.Unsafe.park(java.base@21.0.2/Native Method)
	- parking to wait for  <0x00000000a369a040> (a java.util.concurrent.locks.AbstractQueuedSynchronizer$ConditionObject)
	at java.util.concurrent.locks.LockSupport.park(java.base@21.0.2/LockSupport.java:371)
	at java.util.concurrent.locks.AbstractQueuedSynchronizer$ConditionNode.block(java.base@21.0.2/AbstractQueuedSynchronizer.java:519)
	at java.util.concurrent.ForkJoinPool.unmanagedBlock(java.base@21.0.2/ForkJoinPool.java:3780)
	at java.util.concurrent.ForkJoinPool.managedBlock(java.base@21.0.2/ForkJoinPool.java:3725)
	at java.util.concurrent.locks.AbstractQueuedSynchronizer$ConditionObject.await(java.base@21.0.2/AbstractQueuedSynchronizer.java:1707)
	at java.util.concurrent.LinkedBlockingQueue.take(java.base@21.0.2/LinkedBlockingQueue.java:435)
	at java.util.concurrent.ThreadPoolExecutor.getTask(java.base@21.0.2/ThreadPoolExecutor.java:1070)
	at java.util.concurrent.ThreadPoolExecutor.runWorker(java.base@21.0.2/ThreadPoolExecutor.java:1130)
	at java.util.concurrent.ThreadPoolExecutor$Worker.run(java.base@21.0.2/ThreadPoolExecutor.java:642)
	at java.lang.Thread.runWith(java.base@21.0.2/Thread.java:1596)
	at java.lang.Thread.run(java.base@21.0.2/Thread.java:1583)

   Locked ownable synchronizers:
	- None

"pool-2-thread-6" #90 [108] prio=5 os_prio=0 cpu=1798.05ms elapsed=256.71s tid=0x00007f03c42552a0 nid=108 waiting on condition  [0x00007f03fa7f6000]
   java.lang.Thread.State: WAITING (parking)
	at jdk.internal.misc.Unsafe.park(java.base@21.0.2/Native Method)
	- parking to wait for  <0x00000000a369a040> (a java.util.concurrent.locks.AbstractQueuedSynchronizer$ConditionObject)
	at java.util.concurrent.locks.LockSupport.park(java.base@21.0.2/LockSupport.java:371)
	at java.util.concurrent.locks.AbstractQueuedSynchronizer$ConditionNode.block(java.base@21.0.2/AbstractQueuedSynchronizer.java:519)
	at java.util.concurrent.ForkJoinPool.unmanagedBlock(java.base@21.0.2/ForkJoinPool.java:3780)
	at java.util.concurrent.ForkJoinPool.managedBlock(java.base@21.0.2/ForkJoinPool.java:3725)
	at java.util.concurrent.locks.AbstractQueuedSynchronizer$ConditionObject.await(java.base@21.0.2/AbstractQueuedSynchronizer.java:1707)
	at java.util.concurrent.LinkedBlockingQueue.take(java.base@21.0.2/LinkedBlockingQueue.java:435)
	at java.util.concurrent.ThreadPoolExecutor.getTask(java.base@21.0.2/ThreadPoolExecutor.java:1070)
	at java.util.concurrent.ThreadPoolExecutor.runWorker(java.base@21.0.2/ThreadPoolExecutor.java:1130)
	at java.util.concurrent.ThreadPoolExecutor$Worker.run(java.base@21.0.2/ThreadPoolExecutor.java:642)
	at java.lang.Thread.runWith(java.base@21.0.2/Thread.java:1596)
	at java.lang.Thread.run(java.base@21.0.2/Thread.java:1583)

   Locked ownable synchronizers:
	- None

"pool-2-thread-7" #92 [110] prio=5 os_prio=0 cpu=1599.14ms elapsed=256.70s tid=0x00007f03c42564b0 nid=110 waiting on condition  [0x00007f03f9fee000]
   java.lang.Thread.State: WAITING (parking)
	at jdk.internal.misc.Unsafe.park(java.base@21.0.2/Native Method)
	- parking to wait for  <0x00000000a369a040> (a java.util.concurrent.locks.AbstractQueuedSynchronizer$ConditionObject)
	at java.util.concurrent.locks.LockSupport.park(java.base@21.0.2/LockSupport.java:371)
	at java.util.concurrent.locks.AbstractQueuedSynchronizer$ConditionNode.block(java.base@21.0.2/AbstractQueuedSynchronizer.java:519)
	at java.util.concurrent.ForkJoinPool.unmanagedBlock(java.base@21.0.2/ForkJoinPool.java:3780)
	at java.util.concurrent.ForkJoinPool.managedBlock(java.base@21.0.2/ForkJoinPool.java:3725)
	at java.util.concurrent.locks.AbstractQueuedSynchronizer$ConditionObject.await(java.base@21.0.2/AbstractQueuedSynchronizer.java:1707)
	at java.util.concurrent.LinkedBlockingQueue.take(java.base@21.0.2/LinkedBlockingQueue.java:435)
	at java.util.concurrent.ThreadPoolExecutor.getTask(java.base@21.0.2/ThreadPoolExecutor.java:1070)
	at java.util.concurrent.ThreadPoolExecutor.runWorker(java.base@21.0.2/ThreadPoolExecutor.java:1130)
	at java.util.concurrent.ThreadPoolExecutor$Worker.run(java.base@21.0.2/ThreadPoolExecutor.java:642)
	at java.lang.Thread.runWith(java.base@21.0.2/Thread.java:1596)
	at java.lang.Thread.run(java.base@21.0.2/Thread.java:1583)

   Locked ownable synchronizers:
	- None

"pool-2-thread-8" #93 [111] prio=5 os_prio=0 cpu=1611.84ms elapsed=256.70s tid=0x00007f03c4257420 nid=111 waiting on condition  [0x00007f03f9eed000]
   java.lang.Thread.State: WAITING (parking)
	at jdk.internal.misc.Unsafe.park(java.base@21.0.2/Native Method)
	- parking to wait for  <0x00000000a369a040> (a java.util.concurrent.locks.AbstractQueuedSynchronizer$ConditionObject)
	at java.util.concurrent.locks.LockSupport.park(java.base@21.0.2/LockSupport.java:371)
	at java.util.concurrent.locks.AbstractQueuedSynchronizer$ConditionNode.block(java.base@21.0.2/AbstractQueuedSynchronizer.java:519)
	at java.util.concurrent.ForkJoinPool.unmanagedBlock(java.base@21.0.2/ForkJoinPool.java:3780)
	at java.util.concurrent.ForkJoinPool.managedBlock(java.base@21.0.2/ForkJoinPool.java:3725)
	at java.util.concurrent.locks.AbstractQueuedSynchronizer$ConditionObject.await(java.base@21.0.2/AbstractQueuedSynchronizer.java:1707)
	at java.util.concurrent.LinkedBlockingQueue.take(java.base@21.0.2/LinkedBlockingQueue.java:435)
	at java.util.concurrent.ThreadPoolExecutor.getTask(java.base@21.0.2/ThreadPoolExecutor.java:1070)
	at java.util.concurrent.ThreadPoolExecutor.runWorker(java.base@21.0.2/ThreadPoolExecutor.java:1130)
	at java.util.concurrent.ThreadPoolExecutor$Worker.run(java.base@21.0.2/ThreadPoolExecutor.java:642)
	at java.lang.Thread.runWith(java.base@21.0.2/Thread.java:1596)
	at java.lang.Thread.run(java.base@21.0.2/Thread.java:1583)

   Locked ownable synchronizers:
	- None

"pool-2-thread-9" #94 [112] prio=5 os_prio=0 cpu=1714.10ms elapsed=256.70s tid=0x00007f03c4258790 nid=112 waiting on condition  [0x00007f03f9dec000]
   java.lang.Thread.State: WAITING (parking)
	at jdk.internal.misc.Unsafe.park(java.base@21.0.2/Native Method)
	- parking to wait for  <0x00000000a369a040> (a java.util.concurrent.locks.AbstractQueuedSynchronizer$ConditionObject)
	at java.util.concurrent.locks.LockSupport.park(java.base@21.0.2/LockSupport.java:371)
	at java.util.concurrent.locks.AbstractQueuedSynchronizer$ConditionNode.block(java.base@21.0.2/AbstractQueuedSynchronizer.java:519)
	at java.util.concurrent.ForkJoinPool.unmanagedBlock(java.base@21.0.2/ForkJoinPool.java:3780)
	at java.util.concurrent.ForkJoinPool.managedBlock(java.base@21.0.2/ForkJoinPool.java:3725)
	at java.util.concurrent.locks.AbstractQueuedSynchronizer$ConditionObject.await(java.base@21.0.2/AbstractQueuedSynchronizer.java:1707)
	at java.util.concurrent.LinkedBlockingQueue.take(java.base@21.0.2/LinkedBlockingQueue.java:435)
	at java.util.concurrent.ThreadPoolExecutor.getTask(java.base@21.0.2/ThreadPoolExecutor.java:1070)
	at java.util.concurrent.ThreadPoolExecutor.runWorker(java.base@21.0.2/ThreadPoolExecutor.java:1130)
	at java.util.concurrent.ThreadPoolExecutor$Worker.run(java.base@21.0.2/ThreadPoolExecutor.java:642)
	at java.lang.Thread.runWith(java.base@21.0.2/Thread.java:1596)
	at java.lang.Thread.run(java.base@21.0.2/Thread.java:1583)

   Locked ownable synchronizers:
	- None

"pool-2-thread-10" #95 [113] prio=5 os_prio=0 cpu=1685.23ms elapsed=256.70s tid=0x00007f03c4447690 nid=113 waiting on condition  [0x00007f03f9ceb000]
   java.lang.Thread.State: WAITING (parking)
	at jdk.internal.misc.Unsafe.park(java.base@21.0.2/Native Method)
	- parking to wait for  <0x00000000a369a040> (a java.util.concurrent.locks.AbstractQueuedSynchronizer$ConditionObject)
	at java.util.concurrent.locks.LockSupport.park(java.base@21.0.2/LockSupport.java:371)
	at java.util.concurrent.locks.AbstractQueuedSynchronizer$ConditionNode.block(java.base@21.0.2/AbstractQueuedSynchronizer.java:519)
	at java.util.concurrent.ForkJoinPool.unmanagedBlock(java.base@21.0.2/ForkJoinPool.java:3780)
	at java.util.concurrent.ForkJoinPool.managedBlock(java.base@21.0.2/ForkJoinPool.java:3725)
	at java.util.concurrent.locks.AbstractQueuedSynchronizer$ConditionObject.await(java.base@21.0.2/AbstractQueuedSynchronizer.java:1707)
	at java.util.concurrent.LinkedBlockingQueue.take(java.base@21.0.2/LinkedBlockingQueue.java:435)
	at java.util.concurrent.ThreadPoolExecutor.getTask(java.base@21.0.2/ThreadPoolExecutor.java:1070)
	at java.util.concurrent.ThreadPoolExecutor.runWorker(java.base@21.0.2/ThreadPoolExecutor.java:1130)
	at java.util.concurrent.ThreadPoolExecutor$Worker.run(java.base@21.0.2/ThreadPoolExecutor.java:642)
	at java.lang.Thread.runWith(java.base@21.0.2/Thread.java:1596)
	at java.lang.Thread.run(java.base@21.0.2/Thread.java:1583)

   Locked ownable synchronizers:
	- None

"pool-2-thread-11" #96 [114] prio=5 os_prio=0 cpu=1690.60ms elapsed=256.69s tid=0x00007f03c4448d50 nid=114 waiting on condition  [0x00007f03f9bea000]
   java.lang.Thread.State: WAITING (parking)
	at jdk.internal.misc.Unsafe.park(java.base@21.0.2/Native Method)
	- parking to wait for  <0x00000000a369a040> (a java.util.concurrent.locks.AbstractQueuedSynchronizer$ConditionObject)
	at java.util.concurrent.locks.LockSupport.park(java.base@21.0.2/LockSupport.java:371)
	at java.util.concurrent.locks.AbstractQueuedSynchronizer$ConditionNode.block(java.base@21.0.2/AbstractQueuedSynchronizer.java:519)
	at java.util.concurrent.ForkJoinPool.unmanagedBlock(java.base@21.0.2/ForkJoinPool.java:3780)
	at java.util.concurrent.ForkJoinPool.managedBlock(java.base@21.0.2/ForkJoinPool.java:3725)
	at java.util.concurrent.locks.AbstractQueuedSynchronizer$ConditionObject.await(java.base@21.0.2/AbstractQueuedSynchronizer.java:1707)
	at java.util.concurrent.LinkedBlockingQueue.take(java.base@21.0.2/LinkedBlockingQueue.java:435)
	at java.util.concurrent.ThreadPoolExecutor.getTask(java.base@21.0.2/ThreadPoolExecutor.java:1070)
	at java.util.concurrent.ThreadPoolExecutor.runWorker(java.base@21.0.2/ThreadPoolExecutor.java:1130)
	at java.util.concurrent.ThreadPoolExecutor$Worker.run(java.base@21.0.2/ThreadPoolExecutor.java:642)
	at java.lang.Thread.runWith(java.base@21.0.2/Thread.java:1596)
	at java.lang.Thread.run(java.base@21.0.2/Thread.java:1583)

   Locked ownable synchronizers:
	- None

"pool-2-thread-12" #97 [115] prio=5 os_prio=0 cpu=1577.69ms elapsed=256.67s tid=0x00007f03c4449ef0 nid=115 waiting on condition  [0x00007f03f9ae9000]
   java.lang.Thread.State: WAITING (parking)
	at jdk.internal.misc.Unsafe.park(java.base@21.0.2/Native Method)
	- parking to wait for  <0x00000000a369a040> (a java.util.concurrent.locks.AbstractQueuedSynchronizer$ConditionObject)
	at java.util.concurrent.locks.LockSupport.park(java.base@21.0.2/LockSupport.java:371)
	at java.util.concurrent.locks.AbstractQueuedSynchronizer$ConditionNode.block(java.base@21.0.2/AbstractQueuedSynchronizer.java:519)
	at java.util.concurrent.ForkJoinPool.unmanagedBlock(java.base@21.0.2/ForkJoinPool.java:3780)
	at java.util.concurrent.ForkJoinPool.managedBlock(java.base@21.0.2/ForkJoinPool.java:3725)
	at java.util.concurrent.locks.AbstractQueuedSynchronizer$ConditionObject.await(java.base@21.0.2/AbstractQueuedSynchronizer.java:1707)
	at java.util.concurrent.LinkedBlockingQueue.take(java.base@21.0.2/LinkedBlockingQueue.java:435)
	at java.util.concurrent.ThreadPoolExecutor.getTask(java.base@21.0.2/ThreadPoolExecutor.java:1070)
	at java.util.concurrent.ThreadPoolExecutor.runWorker(java.base@21.0.2/ThreadPoolExecutor.java:1130)
	at java.util.concurrent.ThreadPoolExecutor$Worker.run(java.base@21.0.2/ThreadPoolExecutor.java:642)
	at java.lang.Thread.runWith(java.base@21.0.2/Thread.java:1596)
	at java.lang.Thread.run(java.base@21.0.2/Thread.java:1583)

   Locked ownable synchronizers:
	- None

"pool-2-thread-13" #98 [116] prio=5 os_prio=0 cpu=1634.40ms elapsed=256.67s tid=0x00007f03c444b210 nid=116 waiting on condition  [0x00007f03f99e8000]
   java.lang.Thread.State: WAITING (parking)
	at jdk.internal.misc.Unsafe.park(java.base@21.0.2/Native Method)
	- parking to wait for  <0x00000000a369a040> (a java.util.concurrent.locks.AbstractQueuedSynchronizer$ConditionObject)
	at java.util.concurrent.locks.LockSupport.park(java.base@21.0.2/LockSupport.java:371)
	at java.util.concurrent.locks.AbstractQueuedSynchronizer$ConditionNode.block(java.base@21.0.2/AbstractQueuedSynchronizer.java:519)
	at java.util.concurrent.ForkJoinPool.unmanagedBlock(java.base@21.0.2/ForkJoinPool.java:3780)
	at java.util.concurrent.ForkJoinPool.managedBlock(java.base@21.0.2/ForkJoinPool.java:3725)
	at java.util.concurrent.locks.AbstractQueuedSynchronizer$ConditionObject.await(java.base@21.0.2/AbstractQueuedSynchronizer.java:1707)
	at java.util.concurrent.LinkedBlockingQueue.take(java.base@21.0.2/LinkedBlockingQueue.java:435)
	at java.util.concurrent.ThreadPoolExecutor.getTask(java.base@21.0.2/ThreadPoolExecutor.java:1070)
	at java.util.concurrent.ThreadPoolExecutor.runWorker(java.base@21.0.2/ThreadPoolExecutor.java:1130)
	at java.util.concurrent.ThreadPoolExecutor$Worker.run(java.base@21.0.2/ThreadPoolExecutor.java:642)
	at java.lang.Thread.runWith(java.base@21.0.2/Thread.java:1596)
	at java.lang.Thread.run(java.base@21.0.2/Thread.java:1583)

   Locked ownable synchronizers:
	- None

"pool-2-thread-14" #99 [117] prio=5 os_prio=0 cpu=1594.40ms elapsed=256.66s tid=0x00007f03c444c920 nid=117 waiting on condition  [0x00007f03f98e7000]
   java.lang.Thread.State: WAITING (parking)
	at jdk.internal.misc.Unsafe.park(java.base@21.0.2/Native Method)
	- parking to wait for  <0x00000000a369a040> (a java.util.concurrent.locks.AbstractQueuedSynchronizer$ConditionObject)
	at java.util.concurrent.locks.LockSupport.park(java.base@21.0.2/LockSupport.java:371)
	at java.util.concurrent.locks.AbstractQueuedSynchronizer$ConditionNode.block(java.base@21.0.2/AbstractQueuedSynchronizer.java:519)
	at java.util.concurrent.ForkJoinPool.unmanagedBlock(java.base@21.0.2/ForkJoinPool.java:3780)
	at java.util.concurrent.ForkJoinPool.managedBlock(java.base@21.0.2/ForkJoinPool.java:3725)
	at java.util.concurrent.locks.AbstractQueuedSynchronizer$ConditionObject.await(java.base@21.0.2/AbstractQueuedSynchronizer.java:1707)
	at java.util.concurrent.LinkedBlockingQueue.take(java.base@21.0.2/LinkedBlockingQueue.java:435)
	at java.util.concurrent.ThreadPoolExecutor.getTask(java.base@21.0.2/ThreadPoolExecutor.java:1070)
	at java.util.concurrent.ThreadPoolExecutor.runWorker(java.base@21.0.2/ThreadPoolExecutor.java:1130)
	at java.util.concurrent.ThreadPoolExecutor$Worker.run(java.base@21.0.2/ThreadPoolExecutor.java:642)
	at java.lang.Thread.runWith(java.base@21.0.2/Thread.java:1596)
	at java.lang.Thread.run(java.base@21.0.2/Thread.java:1583)

   Locked ownable synchronizers:
	- None

"pool-2-thread-15" #100 [118] prio=5 os_prio=0 cpu=1629.42ms elapsed=256.66s tid=0x00007f03c444e040 nid=118 waiting on condition  [0x00007f03f97e6000]
   java.lang.Thread.State: WAITING (parking)
	at jdk.internal.misc.Unsafe.park(java.base@21.0.2/Native Method)
	- parking to wait for  <0x00000000a369a040> (a java.util.concurrent.locks.AbstractQueuedSynchronizer$ConditionObject)
	at java.util.concurrent.locks.LockSupport.park(java.base@21.0.2/LockSupport.java:371)
	at java.util.concurrent.locks.AbstractQueuedSynchronizer$ConditionNode.block(java.base@21.0.2/AbstractQueuedSynchronizer.java:519)
	at java.util.concurrent.ForkJoinPool.unmanagedBlock(java.base@21.0.2/ForkJoinPool.java:3780)
	at java.util.concurrent.ForkJoinPool.managedBlock(java.base@21.0.2/ForkJoinPool.java:3725)
	at java.util.concurrent.locks.AbstractQueuedSynchronizer$ConditionObject.await(java.base@21.0.2/AbstractQueuedSynchronizer.java:1707)
	at java.util.concurrent.LinkedBlockingQueue.take(java.base@21.0.2/LinkedBlockingQueue.java:435)
	at java.util.concurrent.ThreadPoolExecutor.getTask(java.base@21.0.2/ThreadPoolExecutor.java:1070)
	at java.util.concurrent.ThreadPoolExecutor.runWorker(java.base@21.0.2/ThreadPoolExecutor.java:1130)
	at java.util.concurrent.ThreadPoolExecutor$Worker.run(java.base@21.0.2/ThreadPoolExecutor.java:642)
	at java.lang.Thread.runWith(java.base@21.0.2/Thread.java:1596)
	at java.lang.Thread.run(java.base@21.0.2/Thread.java:1583)

   Locked ownable synchronizers:
	- None

"CompletableFutureDelayScheduler" #101 [119] daemon prio=10 os_prio=0 cpu=6.37ms elapsed=256.65s tid=0x00007f03c45701f0 nid=119 waiting on condition  [0x00007f03f96e5000]
   java.lang.Thread.State: TIMED_WAITING (parking)
	at jdk.internal.misc.Unsafe.park(java.base@21.0.2/Native Method)
	- parking to wait for  <0x00000000a6088800> (a java.util.concurrent.locks.AbstractQueuedSynchronizer$ConditionObject)
	at java.util.concurrent.locks.LockSupport.parkNanos(java.base@21.0.2/LockSupport.java:269)
	at java.util.concurrent.locks.AbstractQueuedSynchronizer$ConditionObject.awaitNanos(java.base@21.0.2/AbstractQueuedSynchronizer.java:1758)
	at java.util.concurrent.ScheduledThreadPoolExecutor$DelayedWorkQueue.take(java.base@21.0.2/ScheduledThreadPoolExecutor.java:1182)
	at java.util.concurrent.ScheduledThreadPoolExecutor$DelayedWorkQueue.take(java.base@21.0.2/ScheduledThreadPoolExecutor.java:899)
	at java.util.concurrent.ThreadPoolExecutor.getTask(java.base@21.0.2/ThreadPoolExecutor.java:1070)
	at java.util.concurrent.ThreadPoolExecutor.runWorker(java.base@21.0.2/ThreadPoolExecutor.java:1130)
	at java.util.concurrent.ThreadPoolExecutor$Worker.run(java.base@21.0.2/ThreadPoolExecutor.java:642)
	at java.lang.Thread.runWith(java.base@21.0.2/Thread.java:1596)
	at java.lang.Thread.run(java.base@21.0.2/Thread.java:1583)

   Locked ownable synchronizers:
	- None

"ForkJoinPool-1-worker-2" #102 [126] daemon prio=5 os_prio=0 cpu=0.59ms elapsed=241.49s tid=0x00007f0348017f00 nid=126 waiting on condition  [0x00007f045058c000]
   java.lang.Thread.State: WAITING (parking)
	at jdk.internal.misc.Unsafe.park(java.base@21.0.2/Native Method)
	- parking to wait for  <0x00000000a6076748> (a java.util.concurrent.ForkJoinPool)
	at java.util.concurrent.locks.LockSupport.park(java.base@21.0.2/LockSupport.java:371)
	at java.util.concurrent.ForkJoinPool.awaitWork(java.base@21.0.2/ForkJoinPool.java:1893)
	at java.util.concurrent.ForkJoinPool.runWorker(java.base@21.0.2/ForkJoinPool.java:1809)
	at java.util.concurrent.ForkJoinWorkerThread.run(java.base@21.0.2/ForkJoinWorkerThread.java:188)

   Locked ownable synchronizers:
	- None

"nioEventLoopGroup-5-1" #103 [127] prio=10 os_prio=0 cpu=39615.10ms elapsed=241.48s tid=0x00007f03c4338d90 nid=127 runnable  [0x00007f03fa3f2000]
   java.lang.Thread.State: RUNNABLE
	at sun.nio.ch.EPoll.wait(java.base@21.0.2/Native Method)
	at sun.nio.ch.EPollSelectorImpl.doSelect(java.base@21.0.2/EPollSelectorImpl.java:121)
	at sun.nio.ch.SelectorImpl.lockAndDoSelect(java.base@21.0.2/SelectorImpl.java:130)
	- locked <0x00000000a010b2f0> (a io.netty.channel.nio.SelectedSelectionKeySet)
	- locked <0x00000000a010b308> (a sun.nio.ch.EPollSelectorImpl)
	at sun.nio.ch.SelectorImpl.select(java.base@21.0.2/SelectorImpl.java:147)
	at io.netty.channel.nio.SelectedSelectionKeySetSelector.select(SelectedSelectionKeySetSelector.java:68)
	at io.netty.channel.nio.NioEventLoop.select(NioEventLoop.java:879)
	at io.netty.channel.nio.NioEventLoop.run(NioEventLoop.java:526)
	at io.netty.util.concurrent.SingleThreadEventExecutor$4.run(SingleThreadEventExecutor.java:997)
	at io.netty.util.internal.ThreadExecutorMap$2.run(ThreadExecutorMap.java:74)
	at io.netty.util.concurrent.FastThreadLocalRunnable.run(FastThreadLocalRunnable.java:30)
	at java.lang.Thread.runWith(java.base@21.0.2/Thread.java:1596)
	at java.lang.Thread.run(java.base@21.0.2/Thread.java:1583)

   Locked ownable synchronizers:
	- None

"nioEventLoopGroup-4-2" #105 [137] prio=10 os_prio=0 cpu=7.16ms elapsed=148.59s tid=0x00007f03c42a0d40 nid=137 runnable  [0x00007f03fa0ef000]
   java.lang.Thread.State: RUNNABLE
	at sun.nio.ch.EPoll.wait(java.base@21.0.2/Native Method)
	at sun.nio.ch.EPollSelectorImpl.doSelect(java.base@21.0.2/EPollSelectorImpl.java:121)
	at sun.nio.ch.SelectorImpl.lockAndDoSelect(java.base@21.0.2/SelectorImpl.java:130)
	- locked <0x00000000a609cae8> (a io.netty.channel.nio.SelectedSelectionKeySet)
	- locked <0x00000000a609db10> (a sun.nio.ch.EPollSelectorImpl)
	at sun.nio.ch.SelectorImpl.select(java.base@21.0.2/SelectorImpl.java:147)
	at io.netty.channel.nio.SelectedSelectionKeySetSelector.select(SelectedSelectionKeySetSelector.java:68)
	at io.netty.channel.nio.NioEventLoop.select(NioEventLoop.java:879)
	at io.netty.channel.nio.NioEventLoop.run(NioEventLoop.java:526)
	at io.netty.util.concurrent.SingleThreadEventExecutor$4.run(SingleThreadEventExecutor.java:997)
	at io.netty.util.internal.ThreadExecutorMap$2.run(ThreadExecutorMap.java:74)
	at io.netty.util.concurrent.FastThreadLocalRunnable.run(FastThreadLocalRunnable.java:30)
	at java.lang.Thread.runWith(java.base@21.0.2/Thread.java:1596)
	at java.lang.Thread.run(java.base@21.0.2/Thread.java:1583)

   Locked ownable synchronizers:
	- None

"ForkJoinPool-1-worker-3" #108 [141] daemon prio=5 os_prio=0 cpu=0.66ms elapsed=106.33s tid=0x00007f034802cb20 nid=141 waiting on condition  [0x00007f03f92e1000]
   java.lang.Thread.State: TIMED_WAITING (parking)
	at jdk.internal.misc.Unsafe.park(java.base@21.0.2/Native Method)
	- parking to wait for  <0x00000000a6076748> (a java.util.concurrent.ForkJoinPool)
	at java.util.concurrent.locks.LockSupport.parkUntil(java.base@21.0.2/LockSupport.java:449)
	at java.util.concurrent.ForkJoinPool.awaitWork(java.base@21.0.2/ForkJoinPool.java:1891)
	at java.util.concurrent.ForkJoinPool.runWorker(java.base@21.0.2/ForkJoinPool.java:1809)
	at java.util.concurrent.ForkJoinWorkerThread.run(java.base@21.0.2/ForkJoinWorkerThread.java:188)

   Locked ownable synchronizers:
	- None

"ForkJoinPool-1-worker-4" #109 [142] daemon prio=5 os_prio=0 cpu=0.14ms elapsed=106.33s tid=0x00007f034802e560 nid=142 waiting on condition  [0x00007f03f91e0000]
   java.lang.Thread.State: WAITING (parking)
	at jdk.internal.misc.Unsafe.park(java.base@21.0.2/Native Method)
	- parking to wait for  <0x00000000a6076748> (a java.util.concurrent.ForkJoinPool)
	at java.util.concurrent.locks.LockSupport.park(java.base@21.0.2/LockSupport.java:371)
	at java.util.concurrent.ForkJoinPool.awaitWork(java.base@21.0.2/ForkJoinPool.java:1893)
	at java.util.concurrent.ForkJoinPool.runWorker(java.base@21.0.2/ForkJoinPool.java:1809)
	at java.util.concurrent.ForkJoinWorkerThread.run(java.base@21.0.2/ForkJoinWorkerThread.java:188)

   Locked ownable synchronizers:
	- None

"ForkJoinPool-1-worker-5" #110 [143] daemon prio=5 os_prio=0 cpu=0.54ms elapsed=106.33s tid=0x00007f034802efe0 nid=143 waiting on condition  [0x00007f03f90df000]
   java.lang.Thread.State: WAITING (parking)
	at jdk.internal.misc.Unsafe.park(java.base@21.0.2/Native Method)
	- parking to wait for  <0x00000000a6076748> (a java.util.concurrent.ForkJoinPool)
	at java.util.concurrent.locks.LockSupport.park(java.base@21.0.2/LockSupport.java:371)
	at java.util.concurrent.ForkJoinPool.awaitWork(java.base@21.0.2/ForkJoinPool.java:1893)
	at java.util.concurrent.ForkJoinPool.runWorker(java.base@21.0.2/ForkJoinPool.java:1809)
	at java.util.concurrent.ForkJoinWorkerThread.run(java.base@21.0.2/ForkJoinWorkerThread.java:188)

   Locked ownable synchronizers:
	- None

"ForkJoinPool-1-worker-6" #111 [144] daemon prio=5 os_prio=0 cpu=0.28ms elapsed=106.33s tid=0x00007f0348048240 nid=144 waiting on condition  [0x00007f03f8fde000]
   java.lang.Thread.State: WAITING (parking)
	at jdk.internal.misc.Unsafe.park(java.base@21.0.2/Native Method)
	- parking to wait for  <0x00000000a6076748> (a java.util.concurrent.ForkJoinPool)
	at java.util.concurrent.locks.LockSupport.park(java.base@21.0.2/LockSupport.java:371)
	at java.util.concurrent.ForkJoinPool.awaitWork(java.base@21.0.2/ForkJoinPool.java:1893)
	at java.util.concurrent.ForkJoinPool.runWorker(java.base@21.0.2/ForkJoinPool.java:1809)
	at java.util.concurrent.ForkJoinWorkerThread.run(java.base@21.0.2/ForkJoinWorkerThread.java:188)

   Locked ownable synchronizers:
	- None

"ForkJoinPool-1-worker-7" #112 [145] daemon prio=5 os_prio=0 cpu=0.32ms elapsed=106.32s tid=0x00007f0348049450 nid=145 waiting on condition  [0x00007f03f8edd000]
   java.lang.Thread.State: WAITING (parking)
	at jdk.internal.misc.Unsafe.park(java.base@21.0.2/Native Method)
	- parking to wait for  <0x00000000a6076748> (a java.util.concurrent.ForkJoinPool)
	at java.util.concurrent.locks.LockSupport.park(java.base@21.0.2/LockSupport.java:371)
	at java.util.concurrent.ForkJoinPool.awaitWork(java.base@21.0.2/ForkJoinPool.java:1893)
	at java.util.concurrent.ForkJoinPool.runWorker(java.base@21.0.2/ForkJoinPool.java:1809)
	at java.util.concurrent.ForkJoinWorkerThread.run(java.base@21.0.2/ForkJoinWorkerThread.java:188)

   Locked ownable synchronizers:
	- None

"nioEventLoopGroup-4-3" #113 [146] prio=10 os_prio=0 cpu=4.97ms elapsed=51.57s tid=0x00007f030c3e5340 nid=146 runnable  [0x00007f03f95e4000]
   java.lang.Thread.State: RUNNABLE
	at sun.nio.ch.EPoll.wait(java.base@21.0.2/Native Method)
	at sun.nio.ch.EPollSelectorImpl.doSelect(java.base@21.0.2/EPollSelectorImpl.java:121)
	at sun.nio.ch.SelectorImpl.lockAndDoSelect(java.base@21.0.2/SelectorImpl.java:130)
	- locked <0x00000000a60936a0> (a io.netty.channel.nio.SelectedSelectionKeySet)
	- locked <0x00000000a60936b8> (a sun.nio.ch.EPollSelectorImpl)
	at sun.nio.ch.SelectorImpl.select(java.base@21.0.2/SelectorImpl.java:147)
	at io.netty.channel.nio.SelectedSelectionKeySetSelector.select(SelectedSelectionKeySetSelector.java:68)
	at io.netty.channel.nio.NioEventLoop.select(NioEventLoop.java:879)
	at io.netty.channel.nio.NioEventLoop.run(NioEventLoop.java:526)
	at io.netty.util.concurrent.SingleThreadEventExecutor$4.run(SingleThreadEventExecutor.java:997)
	at io.netty.util.internal.ThreadExecutorMap$2.run(ThreadExecutorMap.java:74)
	at io.netty.util.concurrent.FastThreadLocalRunnable.run(FastThreadLocalRunnable.java:30)
	at java.lang.Thread.runWith(java.base@21.0.2/Thread.java:1596)
	at java.lang.Thread.run(java.base@21.0.2/Thread.java:1583)

   Locked ownable synchronizers:
	- None

"Attach Listener" #114 [193] daemon prio=9 os_prio=0 cpu=0.46ms elapsed=0.15s tid=0x00007f03e400c7d0 nid=193 waiting on condition  [0x0000000000000000]
   java.lang.Thread.State: RUNNABLE

   Locked ownable synchronizers:
	- None

"VM Thread" os_prio=0 cpu=359.99ms elapsed=287.91s tid=0x00007f0490127db0 nid=14 runnable  

"GC Thread#0" os_prio=0 cpu=443.98ms elapsed=287.94s tid=0x00007f04900555c0 nid=8 runnable  

"GC Thread#1" os_prio=0 cpu=417.04ms elapsed=286.43s tid=0x00007f03e8007a70 nid=28 runnable  

"GC Thread#2" os_prio=0 cpu=484.15ms elapsed=286.43s tid=0x00007f03e8008510 nid=29 runnable  

"GC Thread#3" os_prio=0 cpu=521.27ms elapsed=286.43s tid=0x00007f03e8008ff0 nid=30 runnable  

"GC Thread#4" os_prio=0 cpu=468.88ms elapsed=286.43s tid=0x00007f03e8009ad0 nid=31 runnable  

"GC Thread#5" os_prio=0 cpu=427.85ms elapsed=286.43s tid=0x00007f03e800a5b0 nid=32 runnable  

"GC Thread#6" os_prio=0 cpu=456.83ms elapsed=286.43s tid=0x00007f03e800b0c0 nid=33 runnable  

"GC Thread#7" os_prio=0 cpu=382.29ms elapsed=286.43s tid=0x00007f03e800bbd0 nid=34 runnable  

"G1 Main Marker" os_prio=0 cpu=16.00ms elapsed=287.94s tid=0x00007f04900657d0 nid=9 runnable  

"G1 Conc#0" os_prio=0 cpu=1613.94ms elapsed=287.93s tid=0x00007f0490066770 nid=10 runnable  

"G1 Conc#1" os_prio=0 cpu=1609.70ms elapsed=285.57s tid=0x00007f0444000d90 nid=35 runnable  

"G1 Refine#0" os_prio=0 cpu=150.40ms elapsed=287.93s tid=0x00007f04900f2fd0 nid=11 runnable  

"G1 Refine#1" os_prio=0 cpu=25.11ms elapsed=261.49s tid=0x00007f043c000d90 nid=90 runnable  

"G1 Refine#2" os_prio=0 cpu=12.76ms elapsed=261.49s tid=0x00007f043c001680 nid=91 runnable  

"G1 Refine#3" os_prio=0 cpu=35.79ms elapsed=261.49s tid=0x00007f043c001f70 nid=92 runnable  

"G1 Refine#4" os_prio=0 cpu=36.30ms elapsed=261.49s tid=0x00007f043c002890 nid=93 runnable  

"G1 Refine#5" os_prio=0 cpu=12.36ms elapsed=261.49s tid=0x00007f043c0031b0 nid=94 runnable  

"G1 Refine#6" os_prio=0 cpu=14.70ms elapsed=261.48s tid=0x00007f043c003ad0 nid=95 runnable  

"G1 Refine#7" os_prio=0 cpu=4.15ms elapsed=261.48s tid=0x00007f043c0043f0 nid=96 runnable  

"G1 Service" os_prio=0 cpu=32.09ms elapsed=287.93s tid=0x00007f04900f3f80 nid=12 runnable  

"VM Periodic Task Thread" os_prio=0 cpu=168.71ms elapsed=287.92s tid=0x00007f049010d790 nid=13 waiting on condition  

JNI global refs: 22, weak refs: 0

